<?xml version="1.0" encoding="UTF-8"?>
<coverage generated="1360160381">
  <project timestamp="1360160381">
    <file name="/Users/Daniel/GoogleDrev/Server/Fox/slender-api/app/config/app.php">
      <line num="16" type="stmt" count="3"/>
      <line num="29" type="stmt" count="3"/>
      <line num="42" type="stmt" count="3"/>
      <line num="55" type="stmt" count="3"/>
      <line num="68" type="stmt" count="3"/>
      <line num="83" type="stmt" count="3"/>
      <line num="85" type="stmt" count="3"/>
      <line num="86" type="stmt" count="3"/>
      <line num="87" type="stmt" count="3"/>
      <line num="88" type="stmt" count="3"/>
      <line num="89" type="stmt" count="3"/>
      <line num="90" type="stmt" count="3"/>
      <line num="91" type="stmt" count="3"/>
      <line num="92" type="stmt" count="3"/>
      <line num="93" type="stmt" count="3"/>
      <line num="94" type="stmt" count="3"/>
      <line num="95" type="stmt" count="3"/>
      <line num="96" type="stmt" count="3"/>
      <line num="97" type="stmt" count="3"/>
      <line num="98" type="stmt" count="3"/>
      <line num="99" type="stmt" count="3"/>
      <line num="100" type="stmt" count="3"/>
      <line num="101" type="stmt" count="3"/>
      <line num="102" type="stmt" count="3"/>
      <line num="103" type="stmt" count="3"/>
      <line num="104" type="stmt" count="3"/>
      <line num="105" type="stmt" count="3"/>
      <line num="106" type="stmt" count="3"/>
      <line num="107" type="stmt" count="3"/>
      <line num="109" type="stmt" count="3"/>
      <line num="110" type="stmt" count="3"/>
      <line num="111" type="stmt" count="3"/>
      <line num="113" type="stmt" count="3"/>
      <line num="126" type="stmt" count="3"/>
      <line num="141" type="stmt" count="3"/>
      <line num="142" type="stmt" count="3"/>
      <line num="143" type="stmt" count="3"/>
      <line num="144" type="stmt" count="3"/>
      <line num="145" type="stmt" count="3"/>
      <line num="146" type="stmt" count="3"/>
      <line num="147" type="stmt" count="3"/>
      <line num="148" type="stmt" count="3"/>
      <line num="149" type="stmt" count="3"/>
      <line num="150" type="stmt" count="3"/>
      <line num="151" type="stmt" count="3"/>
      <line num="152" type="stmt" count="3"/>
      <line num="153" type="stmt" count="3"/>
      <line num="154" type="stmt" count="3"/>
      <line num="155" type="stmt" count="3"/>
      <line num="156" type="stmt" count="3"/>
      <line num="157" type="stmt" count="3"/>
      <line num="158" type="stmt" count="3"/>
      <line num="159" type="stmt" count="3"/>
      <line num="160" type="stmt" count="3"/>
      <line num="161" type="stmt" count="3"/>
      <line num="162" type="stmt" count="3"/>
      <line num="163" type="stmt" count="3"/>
      <line num="164" type="stmt" count="3"/>
      <line num="165" type="stmt" count="3"/>
      <line num="167" type="stmt" count="3"/>
      <line num="168" type="stmt" count="3"/>
      <line num="169" type="stmt" count="3"/>
      <line num="170" type="stmt" count="3"/>
      <line num="172" type="stmt" count="3"/>
      <line num="173" type="stmt" count="3"/>
      <line num="174" type="stmt" count="3"/>
      <line num="177" type="stmt" count="3"/>
      <line num="179" type="stmt" count="3"/>
      <metrics loc="179" ncloc="91" classes="0" methods="0" coveredmethods="0" conditionals="0" coveredconditionals="0" statements="68" coveredstatements="68" elements="68" coveredelements="68"/>
    </file>
    <file name="/Users/Daniel/GoogleDrev/Server/Fox/slender-api/app/config/database.php">
      <line num="29" type="stmt" count="1"/>
      <line num="87" type="stmt" count="1"/>
      <line num="100" type="stmt" count="1"/>
      <line num="116" type="stmt" count="1"/>
      <line num="117" type="stmt" count="1"/>
      <line num="118" type="stmt" count="1"/>
      <line num="119" type="stmt" count="1"/>
      <line num="121" type="stmt" count="1"/>
      <line num="122" type="stmt" count="1"/>
      <metrics loc="121" ncloc="26" classes="0" methods="0" coveredmethods="0" conditionals="0" coveredconditionals="0" statements="8" coveredstatements="8" elements="8" coveredelements="8"/>
    </file>
    <file name="/Users/Daniel/GoogleDrev/Server/Fox/slender-api/app/config/mail.php">
      <line num="16" type="stmt" count="3"/>
      <line num="29" type="stmt" count="3"/>
      <line num="42" type="stmt" count="3"/>
      <line num="55" type="stmt" count="3"/>
      <line num="68" type="stmt" count="3"/>
      <line num="81" type="stmt" count="3"/>
      <line num="83" type="stmt" count="3"/>
      <metrics loc="83" ncloc="23" classes="0" methods="0" coveredmethods="0" conditionals="0" coveredconditionals="0" statements="7" coveredstatements="7" elements="7" coveredelements="7"/>
    </file>
    <file name="/Users/Daniel/GoogleDrev/Server/Fox/slender-api/app/config/session.php">
      <line num="19" type="stmt" count="3"/>
      <line num="32" type="stmt" count="3"/>
      <line num="45" type="stmt" count="3"/>
      <line num="58" type="stmt" count="3"/>
      <line num="71" type="stmt" count="3"/>
      <line num="84" type="stmt" count="3"/>
      <line num="86" type="stmt" count="3"/>
      <metrics loc="86" ncloc="23" classes="0" methods="0" coveredmethods="0" conditionals="0" coveredconditionals="0" statements="7" coveredstatements="7" elements="7" coveredelements="7"/>
    </file>
    <file name="/Users/Daniel/GoogleDrev/Server/Fox/slender-api/app/config/testing/database.php">
      <line num="7" type="stmt" count="1"/>
      <line num="8" type="stmt" count="1"/>
      <line num="9" type="stmt" count="1"/>
      <line num="10" type="stmt" count="1"/>
      <line num="12" type="stmt" count="1"/>
      <line num="13" type="stmt" count="1"/>
      <line num="14" type="stmt" count="1"/>
      <line num="15" type="stmt" count="1"/>
      <line num="16" type="stmt" count="1"/>
      <line num="17" type="stmt" count="1"/>
      <metrics loc="17" ncloc="17" classes="0" methods="0" coveredmethods="0" conditionals="0" coveredconditionals="0" statements="10" coveredstatements="10" elements="10" coveredelements="10"/>
    </file>
    <file name="/Users/Daniel/GoogleDrev/Server/Fox/slender-api/app/config/testing/session.php">
      <line num="19" type="stmt" count="3"/>
      <line num="21" type="stmt" count="3"/>
      <metrics loc="20" ncloc="7" classes="0" methods="0" coveredmethods="0" conditionals="0" coveredconditionals="0" statements="1" coveredstatements="1" elements="1" coveredelements="1"/>
    </file>
    <file name="/Users/Daniel/GoogleDrev/Server/Fox/slender-api/app/controllers/BaseController.php">
      <class name="BaseController" namespace="global">
        <metrics methods="13" coveredmethods="0" conditionals="0" coveredconditionals="0" statements="55" coveredstatements="0" elements="68" coveredelements="0"/>
      </class>
      <line num="30" type="method" name="__construct" crap="2" count="0"/>
      <line num="32" type="stmt" count="0"/>
      <line num="33" type="stmt" count="0"/>
      <line num="35" type="method" name="view" crap="6" count="0"/>
      <line num="37" type="stmt" count="0"/>
      <line num="38" type="stmt" count="0"/>
      <line num="39" type="stmt" count="0"/>
      <line num="40" type="stmt" count="0"/>
      <line num="43" type="method" name="index" crap="20" count="0"/>
      <line num="46" type="stmt" count="0"/>
      <line num="47" type="stmt" count="0"/>
      <line num="48" type="stmt" count="0"/>
      <line num="49" type="stmt" count="0"/>
      <line num="50" type="stmt" count="0"/>
      <line num="52" type="stmt" count="0"/>
      <line num="54" type="stmt" count="0"/>
      <line num="55" type="stmt" count="0"/>
      <line num="56" type="stmt" count="0"/>
      <line num="59" type="method" name="update" crap="2" count="0"/>
      <line num="61" type="stmt" count="0"/>
      <line num="62" type="stmt" count="0"/>
      <line num="63" type="stmt" count="0"/>
      <line num="64" type="stmt" count="0"/>
      <line num="65" type="stmt" count="0"/>
      <line num="66" type="stmt" count="0"/>
      <line num="67" type="stmt" count="0"/>
      <line num="70" type="method" name="insert" crap="2" count="0"/>
      <line num="72" type="stmt" count="0"/>
      <line num="73" type="stmt" count="0"/>
      <line num="74" type="stmt" count="0"/>
      <line num="75" type="stmt" count="0"/>
      <line num="76" type="stmt" count="0"/>
      <line num="77" type="stmt" count="0"/>
      <line num="78" type="stmt" count="0"/>
      <line num="79" type="stmt" count="0"/>
      <line num="82" type="method" name="delete" crap="2" count="0"/>
      <line num="84" type="stmt" count="0"/>
      <line num="85" type="stmt" count="0"/>
      <line num="87" type="stmt" count="0"/>
      <line num="88" type="stmt" count="0"/>
      <line num="89" type="stmt" count="0"/>
      <line num="92" type="method" name="options" crap="2" count="0"/>
      <line num="94" type="stmt" count="0"/>
      <line num="95" type="stmt" count="0"/>
      <line num="97" type="stmt" count="0"/>
      <line num="98" type="stmt" count="0"/>
      <line num="99" type="stmt" count="0"/>
      <line num="102" type="method" name="getSite" crap="6" count="0"/>
      <line num="104" type="stmt" count="0"/>
      <line num="105" type="stmt" count="0"/>
      <line num="108" type="stmt" count="0"/>
      <line num="111" type="method" name="setSite" crap="2" count="0"/>
      <line num="113" type="stmt" count="0"/>
      <line num="114" type="stmt" count="0"/>
      <line num="117" type="method" name="getModel" crap="6" count="0"/>
      <line num="119" type="stmt" count="0"/>
      <line num="120" type="stmt" count="0"/>
      <line num="123" type="stmt" count="0"/>
      <line num="126" type="method" name="setModel" crap="2" count="0"/>
      <line num="128" type="stmt" count="0"/>
      <line num="129" type="stmt" count="0"/>
      <line num="132" type="method" name="getReturnKey" crap="6" count="0"/>
      <line num="134" type="stmt" count="0"/>
      <line num="135" type="stmt" count="0"/>
      <line num="138" type="stmt" count="0"/>
      <line num="141" type="method" name="setReturnKey" crap="2" count="0"/>
      <line num="143" type="stmt" count="0"/>
      <line num="144" type="stmt" count="0"/>
      <line num="148" type="stmt" count="1"/>
      <metrics loc="147" ncloc="131" classes="1" methods="13" coveredmethods="0" conditionals="0" coveredconditionals="0" statements="55" coveredstatements="0" elements="68" coveredelements="0"/>
    </file>
    <file name="/Users/Daniel/GoogleDrev/Server/Fox/slender-api/app/controllers/PagesController.php">
      <class name="PagesController" namespace="global">
        <metrics methods="0" coveredmethods="0" conditionals="0" coveredconditionals="0" statements="0" coveredstatements="0" elements="0" coveredelements="0"/>
      </class>
      <metrics loc="5" ncloc="5" classes="1" methods="0" coveredmethods="0" conditionals="0" coveredconditionals="0" statements="0" coveredstatements="0" elements="0" coveredelements="0"/>
    </file>
    <package name="App\Controller\Site\Ai">
      <file name="/Users/Daniel/GoogleDrev/Server/Fox/slender-api/app/controllers/site/ai/PagesController.php">
        <class name="PagesController" namespace="App\Controller\Site\Ai">
          <metrics methods="1" coveredmethods="0" conditionals="0" coveredconditionals="0" statements="2" coveredstatements="0" elements="3" coveredelements="0"/>
        </class>
        <line num="25" type="method" name="__construct" crap="2" count="0"/>
        <line num="27" type="stmt" count="0"/>
        <line num="28" type="stmt" count="0"/>
        <line num="42" type="stmt" count="1"/>
        <metrics loc="41" ncloc="13" classes="1" methods="1" coveredmethods="0" conditionals="0" coveredconditionals="0" statements="2" coveredstatements="0" elements="3" coveredelements="0"/>
      </file>
    </package>
    <file name="/Users/Daniel/GoogleDrev/Server/Fox/slender-api/app/filters.php">
      <line num="14" type="stmt" count="3"/>
      <line num="17" type="stmt" count="3"/>
      <line num="20" type="stmt" count="3"/>
      <line num="23" type="stmt" count="3"/>
      <line num="36" type="stmt" count="3"/>
      <line num="38" type="stmt" count="0"/>
      <line num="39" type="stmt" count="3"/>
      <line num="42" type="stmt" count="3"/>
      <line num="44" type="stmt" count="0"/>
      <line num="45" type="stmt" count="3"/>
      <line num="58" type="stmt" count="3"/>
      <line num="60" type="stmt" count="0"/>
      <line num="61" type="stmt" count="0"/>
      <line num="62" type="stmt" count="0"/>
      <line num="64" type="stmt" count="3"/>
      <metrics loc="63" ncloc="29" classes="0" methods="0" coveredmethods="0" conditionals="0" coveredconditionals="0" statements="14" coveredstatements="9" elements="14" coveredelements="9"/>
    </file>
    <file name="/Users/Daniel/GoogleDrev/Server/Fox/slender-api/app/models/BaseModel.php">
      <class name="BaseModel" namespace="global">
        <metrics methods="9" coveredmethods="0" conditionals="0" coveredconditionals="0" statements="37" coveredstatements="0" elements="46" coveredelements="0"/>
      </class>
      <line num="19" type="method" name="findById" crap="2" count="0"/>
      <line num="21" type="stmt" count="0"/>
      <line num="32" type="method" name="findMany" crap="42" count="0"/>
      <line num="35" type="stmt" count="0"/>
      <line num="36" type="stmt" count="0"/>
      <line num="38" type="stmt" count="0"/>
      <line num="39" type="stmt" count="0"/>
      <line num="40" type="stmt" count="0"/>
      <line num="42" type="stmt" count="0"/>
      <line num="43" type="stmt" count="0"/>
      <line num="44" type="stmt" count="0"/>
      <line num="46" type="stmt" count="0"/>
      <line num="47" type="stmt" count="0"/>
      <line num="48" type="stmt" count="0"/>
      <line num="50" type="stmt" count="0"/>
      <line num="51" type="stmt" count="0"/>
      <line num="52" type="stmt" count="0"/>
      <line num="53" type="stmt" count="0"/>
      <line num="56" type="stmt" count="0"/>
      <line num="58" type="stmt" count="0"/>
      <line num="59" type="stmt" count="0"/>
      <line num="60" type="stmt" count="0"/>
      <line num="61" type="stmt" count="0"/>
      <line num="62" type="stmt" count="0"/>
      <line num="71" type="method" name="insert" crap="2" count="0"/>
      <line num="73" type="stmt" count="0"/>
      <line num="74" type="stmt" count="0"/>
      <line num="75" type="stmt" count="0"/>
      <line num="76" type="stmt" count="0"/>
      <line num="86" type="method" name="update" crap="2" count="0"/>
      <line num="88" type="stmt" count="0"/>
      <line num="89" type="stmt" count="0"/>
      <line num="90" type="stmt" count="0"/>
      <line num="99" type="method" name="delete" crap="2" count="0"/>
      <line num="101" type="stmt" count="0"/>
      <line num="102" type="stmt" count="0"/>
      <line num="103" type="stmt" count="0"/>
      <line num="113" type="method" name="options" crap="2" count="0"/>
      <line num="117" type="stmt" count="0"/>
      <line num="118" type="stmt" count="0"/>
      <line num="125" type="method" name="embedChildren" crap="2" count="0"/>
      <line num="127" type="stmt" count="0"/>
      <line num="134" type="method" name="updateParents" crap="2" count="0"/>
      <line num="136" type="stmt" count="0"/>
      <line num="139" type="method" name="getSchemaValidation" crap="2" count="0"/>
      <line num="140" type="stmt" count="0"/>
      <line num="143" type="stmt" count="1"/>
      <metrics loc="142" ncloc="94" classes="1" methods="9" coveredmethods="0" conditionals="0" coveredconditionals="0" statements="37" coveredstatements="0" elements="46" coveredelements="0"/>
    </file>
    <file name="/Users/Daniel/GoogleDrev/Server/Fox/slender-api/app/models/MongoModel.php">
      <class name="MongoModel" namespace="global">
        <metrics methods="7" coveredmethods="1" conditionals="0" coveredconditionals="0" statements="28" coveredstatements="3" elements="35" coveredelements="4"/>
      </class>
      <line num="35" type="method" name="__construct" crap="10.15" count="1"/>
      <line num="37" type="stmt" count="1"/>
      <line num="38" type="stmt" count="0"/>
      <line num="39" type="stmt" count="0"/>
      <line num="41" type="stmt" count="1"/>
      <line num="42" type="stmt" count="1"/>
      <line num="43" type="stmt" count="0"/>
      <line num="45" type="stmt" count="0"/>
      <line num="46" type="stmt" count="0"/>
      <line num="47" type="stmt" count="0"/>
      <line num="48" type="stmt" count="0"/>
      <line num="49" type="stmt" count="0"/>
      <line num="56" type="method" name="getConnection" crap="2" count="0"/>
      <line num="58" type="stmt" count="0"/>
      <line num="67" type="method" name="getCollection" crap="6" count="0"/>
      <line num="69" type="stmt" count="0"/>
      <line num="70" type="stmt" count="0"/>
      <line num="80" type="method" name="get" crap="6" count="0"/>
      <line num="82" type="stmt" count="0"/>
      <line num="83" type="stmt" count="0"/>
      <line num="84" type="stmt" count="0"/>
      <line num="86" type="stmt" count="0"/>
      <line num="87" type="stmt" count="0"/>
      <line num="88" type="stmt" count="0"/>
      <line num="97" type="method" name="find" crap="2" count="0"/>
      <line num="103" type="stmt" count="0"/>
      <line num="109" type="method" name="__call" crap="12" count="0"/>
      <line num="111" type="stmt" count="0"/>
      <line num="112" type="stmt" count="0"/>
      <line num="115" type="stmt" count="0"/>
      <line num="116" type="stmt" count="0"/>
      <line num="118" type="stmt" count="0"/>
      <line num="124" type="method" name="__callStatic" crap="2" count="0"/>
      <line num="126" type="stmt" count="0"/>
      <line num="127" type="stmt" count="0"/>
      <metrics loc="129" ncloc="71" classes="1" methods="7" coveredmethods="0" conditionals="0" coveredconditionals="0" statements="28" coveredstatements="3" elements="35" coveredelements="3"/>
    </file>
    <file name="/Users/Daniel/GoogleDrev/Server/Fox/slender-api/app/models/Pages.php">
      <class name="Pages" namespace="global">
        <metrics methods="0" coveredmethods="0" conditionals="0" coveredconditionals="0" statements="0" coveredstatements="0" elements="0" coveredelements="0"/>
      </class>
      <metrics loc="24" ncloc="20" classes="1" methods="0" coveredmethods="0" conditionals="0" coveredconditionals="0" statements="0" coveredstatements="0" elements="0" coveredelements="0"/>
    </file>
    <package name="App\Model\Site\Ai">
      <file name="/Users/Daniel/GoogleDrev/Server/Fox/slender-api/app/models/site/ai/Pages.php">
        <class name="Pages" namespace="App\Model\Site\Ai">
          <metrics methods="0" coveredmethods="0" conditionals="0" coveredconditionals="0" statements="0" coveredstatements="0" elements="0" coveredelements="0"/>
        </class>
        <metrics loc="8" ncloc="8" classes="1" methods="0" coveredmethods="0" conditionals="0" coveredconditionals="0" statements="0" coveredstatements="0" elements="0" coveredelements="0"/>
      </file>
    </package>
    <file name="/Users/Daniel/GoogleDrev/Server/Fox/slender-api/app/routes.php">
      <line num="8" type="stmt" count="3"/>
      <line num="10" type="stmt" count="0"/>
      <line num="11" type="stmt" count="0"/>
      <line num="13" type="stmt" count="0"/>
      <line num="14" type="stmt" count="0"/>
      <line num="15" type="stmt" count="0"/>
      <line num="18" type="stmt" count="0"/>
      <line num="19" type="stmt" count="0"/>
      <line num="21" type="stmt" count="0"/>
      <line num="22" type="stmt" count="0"/>
      <line num="23" type="stmt" count="0"/>
      <line num="25" type="stmt" count="3"/>
      <line num="30" type="stmt" count="3"/>
      <line num="32" type="stmt" count="0"/>
      <line num="33" type="stmt" count="3"/>
      <line num="34" type="stmt" count="0"/>
      <line num="35" type="stmt" count="0"/>
      <line num="36" type="stmt" count="3"/>
      <line num="37" type="stmt" count="3"/>
      <line num="40" type="stmt" count="3"/>
      <line num="43" type="stmt" count="1"/>
      <line num="44" type="stmt" count="1"/>
      <line num="46" type="stmt" count="1"/>
      <line num="48" type="stmt" count="1"/>
      <line num="49" type="stmt" count="3"/>
      <line num="51" type="stmt" count="3"/>
      <line num="52" type="stmt" count="0"/>
      <line num="53" type="stmt" count="3"/>
      <line num="58" type="stmt" count="3"/>
      <line num="61" type="stmt" count="3"/>
      <line num="65" type="stmt" count="3"/>
      <line num="66" type="stmt" count="0"/>
      <line num="67" type="stmt" count="3"/>
      <line num="107" type="stmt" count="3"/>
      <line num="108" type="stmt" count="3"/>
      <line num="109" type="stmt" count="3"/>
      <line num="110" type="stmt" count="3"/>
      <line num="111" type="stmt" count="3"/>
      <line num="112" type="stmt" count="3"/>
      <metrics loc="111" ncloc="56" classes="0" methods="0" coveredmethods="0" conditionals="0" coveredconditionals="0" statements="38" coveredstatements="23" elements="38" coveredelements="23"/>
    </file>
    <file name="/Users/Daniel/GoogleDrev/Server/Fox/slender-api/app/start/global.php">
      <line num="0" type="stmt" count="1"/>
      <line num="14" type="stmt" count="3"/>
      <line num="16" type="stmt" count="0"/>
      <line num="17" type="stmt" count="0"/>
      <line num="19" type="stmt" count="3"/>
      <line num="32" type="stmt" count="3"/>
      <line num="47" type="stmt" count="3"/>
      <line num="49" type="stmt" count="0"/>
      <line num="50" type="stmt" count="3"/>
      <line num="63" type="stmt" count="3"/>
      <metrics loc="62" ncloc="20" classes="0" methods="0" coveredmethods="0" conditionals="0" coveredconditionals="0" statements="8" coveredstatements="5" elements="8" coveredelements="5"/>
    </file>
    <package name="Dws\Slender\Api\Support\Facades">
      <file name="/Users/Daniel/GoogleDrev/Server/Fox/slender-api/lib/dws/src/Dws/Slender/Api/Support/Facades/Route.php">
        <class name="Route" namespace="Dws\Slender\Api\Support\Facades">
          <metrics methods="3" coveredmethods="3" conditionals="0" coveredconditionals="0" statements="24" coveredstatements="24" elements="27" coveredelements="27"/>
        </class>
        <line num="15" type="method" name="addSiteRestResource" crap="2" count="3"/>
        <line num="17" type="stmt" count="3"/>
        <line num="18" type="stmt" count="3"/>
        <line num="19" type="stmt" count="3"/>
        <line num="20" type="stmt" count="3"/>
        <line num="22" type="stmt" count="3"/>
        <line num="23" type="stmt" count="3"/>
        <line num="26" type="stmt" count="3"/>
        <line num="27" type="stmt" count="3"/>
        <line num="30" type="stmt" count="3"/>
        <line num="33" type="stmt" count="3"/>
        <line num="36" type="stmt" count="3"/>
        <line num="39" type="stmt" count="3"/>
        <line num="40" type="stmt" count="3"/>
        <line num="42" type="method" name="addRestResource" crap="2" count="3"/>
        <line num="44" type="stmt" count="3"/>
        <line num="45" type="stmt" count="3"/>
        <line num="46" type="stmt" count="3"/>
        <line num="47" type="stmt" count="3"/>
        <line num="48" type="stmt" count="3"/>
        <line num="49" type="stmt" count="3"/>
        <line num="51" type="method" name="buildRoute" crap="3" count="3"/>
        <line num="53" type="stmt" count="3"/>
        <line num="54" type="stmt" count="3"/>
        <line num="55" type="stmt" count="3"/>
        <line num="56" type="stmt" count="3"/>
        <line num="57" type="stmt" count="3"/>
        <line num="61" type="stmt" count="1"/>
        <metrics loc="60" ncloc="45" classes="1" methods="3" coveredmethods="3" conditionals="0" coveredconditionals="0" statements="24" coveredstatements="24" elements="27" coveredelements="27"/>
      </file>
    </package>
    <package name="Dws\Slender\Api\Validation">
      <file name="/Users/Daniel/GoogleDrev/Server/Fox/slender-api/lib/dws/src/Dws/Slender/Api/Validation/ValidationServiceProvider.php">
        <class name="ValidationServiceProvider" namespace="Dws\Slender\Api\Validation">
          <metrics methods="4" coveredmethods="3" conditionals="0" coveredconditionals="0" statements="18" coveredstatements="9" elements="22" coveredelements="12"/>
        </class>
        <line num="22" type="method" name="register" crap="2.86" count="3"/>
        <line num="24" type="stmt" count="3"/>
        <line num="26" type="stmt" count="3"/>
        <line num="28" type="stmt" count="0"/>
        <line num="33" type="stmt" count="0"/>
        <line num="34" type="stmt" count="0"/>
        <line num="35" type="stmt" count="0"/>
        <line num="36" type="stmt" count="0"/>
        <line num="38" type="stmt" count="0"/>
        <line num="39" type="stmt" count="3"/>
        <line num="40" type="stmt" count="3"/>
        <line num="47" type="method" name="registerPresenceVerifier" crap="1" count="3"/>
        <line num="49" type="stmt" count="3"/>
        <line num="51" type="stmt" count="0"/>
        <line num="52" type="stmt" count="3"/>
        <line num="53" type="stmt" count="3"/>
        <line num="60" type="method" name="provides" crap="2" count="0"/>
        <line num="62" type="stmt" count="0"/>
        <metrics loc="64" ncloc="38" classes="1" methods="3" coveredmethods="0" conditionals="0" coveredconditionals="0" statements="15" coveredstatements="7" elements="18" coveredelements="7"/>
      </file>
    </package>
    <file name="/Users/Daniel/GoogleDrev/Server/Fox/slender-api/start.php">
      <line num="0" type="stmt" count="1"/>
      <line num="14" type="stmt" count="3"/>
      <line num="27" type="stmt" count="3"/>
      <line num="29" type="stmt" count="3"/>
      <line num="42" type="stmt" count="3"/>
      <line num="44" type="stmt" count="3"/>
      <line num="45" type="stmt" count="3"/>
      <line num="46" type="stmt" count="3"/>
      <line num="47" type="stmt" count="3"/>
      <line num="49" type="stmt" count="3"/>
      <line num="62" type="stmt" count="3"/>
      <line num="75" type="stmt" count="3"/>
      <line num="124" type="stmt" count="3"/>
      <line num="125" type="stmt" count="3"/>
      <line num="130" type="stmt" count="3"/>
      <line num="139" type="stmt" count="3"/>
      <metrics loc="74" ncloc="24" classes="0" methods="0" coveredmethods="0" conditionals="0" coveredconditionals="0" statements="10" coveredstatements="10" elements="10" coveredelements="10"/>
    </file>
    <package name="Composer\Autoload">
      <file name="/Users/Daniel/GoogleDrev/Server/Fox/slender-api/vendor/composer/ClassLoader.php">
        <class name="ClassLoader" namespace="Composer\Autoload">
          <metrics methods="12" coveredmethods="2" conditionals="0" coveredconditionals="0" statements="75" coveredstatements="17" elements="87" coveredelements="19"/>
        </class>
        <line num="0" type="stmt" count="2"/>
        <line num="50" type="method" name="getPrefixes" crap="2" count="0"/>
        <line num="52" type="stmt" count="0"/>
        <line num="55" type="method" name="getFallbackDirs" crap="2" count="0"/>
        <line num="57" type="stmt" count="0"/>
        <line num="60" type="method" name="getClassMap" crap="2" count="0"/>
        <line num="62" type="stmt" count="0"/>
        <line num="68" type="method" name="addClassMap" crap="6" count="0"/>
        <line num="70" type="stmt" count="0"/>
        <line num="71" type="stmt" count="0"/>
        <line num="72" type="stmt" count="0"/>
        <line num="73" type="stmt" count="0"/>
        <line num="75" type="stmt" count="0"/>
        <line num="84" type="method" name="add" crap="30" count="0"/>
        <line num="86" type="stmt" count="0"/>
        <line num="87" type="stmt" count="0"/>
        <line num="88" type="stmt" count="0"/>
        <line num="89" type="stmt" count="0"/>
        <line num="90" type="stmt" count="0"/>
        <line num="91" type="stmt" count="0"/>
        <line num="92" type="stmt" count="0"/>
        <line num="93" type="stmt" count="0"/>
        <line num="94" type="stmt" count="0"/>
        <line num="96" type="stmt" count="0"/>
        <line num="99" type="stmt" count="0"/>
        <line num="101" type="stmt" count="0"/>
        <line num="102" type="stmt" count="0"/>
        <line num="104" type="stmt" count="0"/>
        <line num="106" type="stmt" count="0"/>
        <line num="107" type="stmt" count="0"/>
        <line num="108" type="stmt" count="0"/>
        <line num="109" type="stmt" count="0"/>
        <line num="110" type="stmt" count="0"/>
        <line num="111" type="stmt" count="0"/>
        <line num="112" type="stmt" count="0"/>
        <line num="113" type="stmt" count="0"/>
        <line num="115" type="stmt" count="0"/>
        <line num="117" type="stmt" count="0"/>
        <line num="125" type="method" name="set" crap="6" count="0"/>
        <line num="127" type="stmt" count="0"/>
        <line num="128" type="stmt" count="0"/>
        <line num="130" type="stmt" count="0"/>
        <line num="132" type="stmt" count="0"/>
        <line num="133" type="stmt" count="0"/>
        <line num="140" type="method" name="setUseIncludePath" crap="2" count="0"/>
        <line num="142" type="stmt" count="0"/>
        <line num="143" type="stmt" count="0"/>
        <line num="151" type="method" name="getUseIncludePath" crap="2" count="0"/>
        <line num="153" type="stmt" count="0"/>
        <line num="161" type="method" name="register" crap="2" count="0"/>
        <line num="163" type="stmt" count="0"/>
        <line num="164" type="stmt" count="0"/>
        <line num="169" type="method" name="unregister" crap="2" count="0"/>
        <line num="171" type="stmt" count="0"/>
        <line num="172" type="stmt" count="0"/>
        <line num="180" type="method" name="loadClass" crap="2.06" count="2"/>
        <line num="182" type="stmt" count="2"/>
        <line num="183" type="stmt" count="2"/>
        <line num="185" type="stmt" count="2"/>
        <line num="187" type="stmt" count="0"/>
        <line num="196" type="method" name="findFile" crap="28.07" count="2"/>
        <line num="198" type="stmt" count="2"/>
        <line num="199" type="stmt" count="0"/>
        <line num="200" type="stmt" count="0"/>
        <line num="202" type="stmt" count="2"/>
        <line num="203" type="stmt" count="2"/>
        <line num="206" type="stmt" count="2"/>
        <line num="208" type="stmt" count="2"/>
        <line num="209" type="stmt" count="2"/>
        <line num="210" type="stmt" count="2"/>
        <line num="212" type="stmt" count="0"/>
        <line num="213" type="stmt" count="0"/>
        <line num="216" type="stmt" count="2"/>
        <line num="218" type="stmt" count="2"/>
        <line num="219" type="stmt" count="2"/>
        <line num="220" type="stmt" count="2"/>
        <line num="221" type="stmt" count="2"/>
        <line num="222" type="stmt" count="2"/>
        <line num="224" type="stmt" count="0"/>
        <line num="225" type="stmt" count="0"/>
        <line num="226" type="stmt" count="2"/>
        <line num="228" type="stmt" count="0"/>
        <line num="229" type="stmt" count="0"/>
        <line num="230" type="stmt" count="0"/>
        <line num="232" type="stmt" count="0"/>
        <line num="234" type="stmt" count="0"/>
        <line num="235" type="stmt" count="0"/>
        <line num="238" type="stmt" count="0"/>
        <metrics loc="240" ncloc="151" classes="1" methods="12" coveredmethods="0" conditionals="0" coveredconditionals="0" statements="75" coveredstatements="17" elements="87" coveredelements="17"/>
      </file>
    </package>
    <file name="/Users/Daniel/GoogleDrev/Server/Fox/slender-api/vendor/composer/autoload_real.php">
      <class name="ComposerAutoloaderInit26c0c1c42e130f98d2ca289d6f1a17bb" namespace="global">
        <metrics methods="2" coveredmethods="0" conditionals="0" coveredconditionals="0" statements="27" coveredstatements="0" elements="29" coveredelements="0"/>
      </class>
      <line num="9" type="method" name="loadClassLoader" crap="6" count="0"/>
      <line num="11" type="stmt" count="0"/>
      <line num="12" type="stmt" count="0"/>
      <line num="13" type="stmt" count="0"/>
      <line num="14" type="stmt" count="0"/>
      <line num="16" type="method" name="getLoader" crap="20" count="0"/>
      <line num="18" type="stmt" count="0"/>
      <line num="19" type="stmt" count="0"/>
      <line num="22" type="stmt" count="0"/>
      <line num="23" type="stmt" count="0"/>
      <line num="24" type="stmt" count="0"/>
      <line num="26" type="stmt" count="0"/>
      <line num="27" type="stmt" count="0"/>
      <line num="29" type="stmt" count="0"/>
      <line num="30" type="stmt" count="0"/>
      <line num="31" type="stmt" count="0"/>
      <line num="33" type="stmt" count="0"/>
      <line num="34" type="stmt" count="0"/>
      <line num="35" type="stmt" count="0"/>
      <line num="36" type="stmt" count="0"/>
      <line num="38" type="stmt" count="0"/>
      <line num="39" type="stmt" count="0"/>
      <line num="40" type="stmt" count="0"/>
      <line num="41" type="stmt" count="0"/>
      <line num="43" type="stmt" count="0"/>
      <line num="45" type="stmt" count="0"/>
      <line num="46" type="stmt" count="0"/>
      <line num="47" type="stmt" count="0"/>
      <line num="49" type="stmt" count="0"/>
      <metrics loc="51" ncloc="49" classes="1" methods="2" coveredmethods="0" conditionals="0" coveredconditionals="0" statements="27" coveredstatements="0" elements="29" coveredelements="0"/>
    </file>
    <file name="/Users/Daniel/GoogleDrev/Server/Fox/slender-api/vendor/ircmaxell/password-compat/lib/password.php">
      <line num="25" type="stmt" count="0"/>
      <line num="26" type="stmt" count="0"/>
      <line num="27" type="stmt" count="0"/>
      <line num="29" type="stmt" count="0"/>
      <line num="30" type="stmt" count="0"/>
      <line num="31" type="stmt" count="0"/>
      <line num="33" type="stmt" count="0"/>
      <line num="34" type="stmt" count="0"/>
      <line num="35" type="stmt" count="0"/>
      <line num="38" type="stmt" count="0"/>
      <line num="40" type="stmt" count="0"/>
      <line num="41" type="stmt" count="0"/>
      <line num="42" type="stmt" count="0"/>
      <line num="43" type="stmt" count="0"/>
      <line num="44" type="stmt" count="0"/>
      <line num="45" type="stmt" count="0"/>
      <line num="47" type="stmt" count="0"/>
      <line num="48" type="stmt" count="0"/>
      <line num="49" type="stmt" count="0"/>
      <line num="50" type="stmt" count="0"/>
      <line num="51" type="stmt" count="0"/>
      <line num="52" type="stmt" count="0"/>
      <line num="53" type="stmt" count="0"/>
      <line num="54" type="stmt" count="0"/>
      <line num="55" type="stmt" count="0"/>
      <line num="56" type="stmt" count="0"/>
      <line num="57" type="stmt" count="0"/>
      <line num="58" type="stmt" count="0"/>
      <line num="59" type="stmt" count="0"/>
      <line num="60" type="stmt" count="0"/>
      <line num="61" type="stmt" count="0"/>
      <line num="62" type="stmt" count="0"/>
      <line num="63" type="stmt" count="0"/>
      <line num="64" type="stmt" count="0"/>
      <line num="65" type="stmt" count="0"/>
      <line num="66" type="stmt" count="0"/>
      <line num="67" type="stmt" count="0"/>
      <line num="69" type="stmt" count="0"/>
      <line num="70" type="stmt" count="0"/>
      <line num="71" type="stmt" count="0"/>
      <line num="72" type="stmt" count="0"/>
      <line num="73" type="stmt" count="0"/>
      <line num="74" type="stmt" count="0"/>
      <line num="75" type="stmt" count="0"/>
      <line num="76" type="stmt" count="0"/>
      <line num="77" type="stmt" count="0"/>
      <line num="78" type="stmt" count="0"/>
      <line num="79" type="stmt" count="0"/>
      <line num="80" type="stmt" count="0"/>
      <line num="81" type="stmt" count="0"/>
      <line num="82" type="stmt" count="0"/>
      <line num="83" type="stmt" count="0"/>
      <line num="84" type="stmt" count="0"/>
      <line num="85" type="stmt" count="0"/>
      <line num="86" type="stmt" count="0"/>
      <line num="87" type="stmt" count="0"/>
      <line num="88" type="stmt" count="0"/>
      <line num="89" type="stmt" count="0"/>
      <line num="90" type="stmt" count="0"/>
      <line num="91" type="stmt" count="0"/>
      <line num="92" type="stmt" count="0"/>
      <line num="93" type="stmt" count="0"/>
      <line num="94" type="stmt" count="0"/>
      <line num="95" type="stmt" count="0"/>
      <line num="96" type="stmt" count="0"/>
      <line num="97" type="stmt" count="0"/>
      <line num="98" type="stmt" count="0"/>
      <line num="99" type="stmt" count="0"/>
      <line num="100" type="stmt" count="0"/>
      <line num="101" type="stmt" count="0"/>
      <line num="102" type="stmt" count="0"/>
      <line num="103" type="stmt" count="0"/>
      <line num="104" type="stmt" count="0"/>
      <line num="105" type="stmt" count="0"/>
      <line num="106" type="stmt" count="0"/>
      <line num="107" type="stmt" count="0"/>
      <line num="108" type="stmt" count="0"/>
      <line num="109" type="stmt" count="0"/>
      <line num="110" type="stmt" count="0"/>
      <line num="111" type="stmt" count="0"/>
      <line num="112" type="stmt" count="0"/>
      <line num="113" type="stmt" count="0"/>
      <line num="114" type="stmt" count="0"/>
      <line num="115" type="stmt" count="0"/>
      <line num="116" type="stmt" count="0"/>
      <line num="117" type="stmt" count="0"/>
      <line num="119" type="stmt" count="0"/>
      <line num="120" type="stmt" count="0"/>
      <line num="121" type="stmt" count="0"/>
      <line num="124" type="stmt" count="0"/>
      <line num="126" type="stmt" count="0"/>
      <line num="128" type="stmt" count="0"/>
      <line num="130" type="stmt" count="0"/>
      <line num="131" type="stmt" count="0"/>
      <line num="134" type="stmt" count="0"/>
      <line num="155" type="stmt" count="0"/>
      <line num="156" type="stmt" count="0"/>
      <line num="157" type="stmt" count="0"/>
      <line num="158" type="stmt" count="0"/>
      <line num="159" type="stmt" count="0"/>
      <line num="160" type="stmt" count="0"/>
      <line num="161" type="stmt" count="0"/>
      <line num="162" type="stmt" count="0"/>
      <line num="163" type="stmt" count="0"/>
      <line num="164" type="stmt" count="0"/>
      <line num="165" type="stmt" count="0"/>
      <line num="180" type="stmt" count="0"/>
      <line num="181" type="stmt" count="0"/>
      <line num="182" type="stmt" count="0"/>
      <line num="185" type="stmt" count="0"/>
      <line num="186" type="stmt" count="0"/>
      <line num="187" type="stmt" count="0"/>
      <line num="188" type="stmt" count="0"/>
      <line num="190" type="stmt" count="0"/>
      <line num="192" type="stmt" count="0"/>
      <line num="204" type="stmt" count="0"/>
      <line num="205" type="stmt" count="0"/>
      <line num="206" type="stmt" count="0"/>
      <line num="208" type="stmt" count="0"/>
      <line num="209" type="stmt" count="0"/>
      <line num="210" type="stmt" count="0"/>
      <line num="213" type="stmt" count="0"/>
      <line num="214" type="stmt" count="0"/>
      <line num="215" type="stmt" count="0"/>
      <line num="216" type="stmt" count="0"/>
      <line num="218" type="stmt" count="0"/>
      <metrics loc="223" ncloc="170" classes="0" methods="0" coveredmethods="0" conditionals="0" coveredconditionals="0" statements="126" coveredstatements="0" elements="126" coveredelements="0"/>
    </file>
    <package name="Illuminate\Auth">
      <file name="/Users/Daniel/GoogleDrev/Server/Fox/slender-api/vendor/laravel/framework/src/Illuminate/Auth/AuthServiceProvider.php">
        <class name="AuthServiceProvider" namespace="Illuminate\Auth">
          <metrics methods="5" coveredmethods="3" conditionals="0" coveredconditionals="0" statements="28" coveredstatements="6" elements="33" coveredelements="9"/>
        </class>
        <line num="19" type="method" name="boot" crap="1" count="3"/>
        <line num="21" type="stmt" count="3"/>
        <line num="22" type="stmt" count="3"/>
        <line num="29" type="method" name="register" crap="2" count="0"/>
        <line num="31" type="stmt" count="0"/>
        <line num="36" type="stmt" count="0"/>
        <line num="38" type="stmt" count="0"/>
        <line num="39" type="stmt" count="0"/>
        <line num="40" type="stmt" count="0"/>
        <line num="47" type="method" name="registerAuthEvents" crap="4" count="3"/>
        <line num="49" type="stmt" count="3"/>
        <line num="56" type="stmt" count="0"/>
        <line num="57" type="stmt" count="0"/>
        <line num="58" type="stmt" count="0"/>
        <line num="60" type="stmt" count="0"/>
        <line num="62" type="stmt" count="0"/>
        <line num="63" type="stmt" count="0"/>
        <line num="64" type="stmt" count="0"/>
        <line num="65" type="stmt" count="0"/>
        <line num="66" type="stmt" count="3"/>
        <line num="67" type="stmt" count="3"/>
        <line num="74" type="method" name="provides" crap="2" count="0"/>
        <line num="76" type="stmt" count="0"/>
        <line num="316" type="stmt" count="3"/>
        <metrics loc="78" ncloc="41" classes="1" methods="5" coveredmethods="2" conditionals="0" coveredconditionals="0" statements="19" coveredstatements="5" elements="24" coveredelements="7"/>
      </file>
    </package>
    <package name="Illuminate\Cache">
      <file name="/Users/Daniel/GoogleDrev/Server/Fox/slender-api/vendor/laravel/framework/src/Illuminate/Cache/ArrayStore.php">
        <class name="ArrayStore" namespace="Illuminate\Cache">
          <metrics methods="5" coveredmethods="0" conditionals="0" coveredconditionals="0" statements="11" coveredstatements="0" elements="16" coveredelements="0"/>
        </class>
        <line num="18" type="method" name="retrieveItem" crap="6" count="0"/>
        <line num="20" type="stmt" count="0"/>
        <line num="21" type="stmt" count="0"/>
        <line num="22" type="stmt" count="0"/>
        <line num="24" type="stmt" count="0"/>
        <line num="34" type="method" name="storeItem" crap="2" count="0"/>
        <line num="36" type="stmt" count="0"/>
        <line num="37" type="stmt" count="0"/>
        <line num="46" type="method" name="storeItemForever" crap="2" count="0"/>
        <line num="48" type="stmt" count="0"/>
        <line num="57" type="method" name="removeItem" crap="2" count="0"/>
        <line num="59" type="stmt" count="0"/>
        <line num="60" type="stmt" count="0"/>
        <line num="67" type="method" name="flushItems" crap="2" count="0"/>
        <line num="69" type="stmt" count="0"/>
        <line num="70" type="stmt" count="0"/>
        <metrics loc="71" ncloc="34" classes="1" methods="5" coveredmethods="0" conditionals="0" coveredconditionals="0" statements="11" coveredstatements="0" elements="16" coveredelements="0"/>
      </file>
      <file name="/Users/Daniel/GoogleDrev/Server/Fox/slender-api/vendor/laravel/framework/src/Illuminate/Cache/CacheManager.php">
        <class name="CacheManager" namespace="Illuminate\Cache">
          <metrics methods="9" coveredmethods="1" conditionals="0" coveredconditionals="0" statements="18" coveredstatements="1" elements="27" coveredelements="2"/>
        </class>
        <line num="12" type="method" name="createApcDriver" crap="2" count="0"/>
        <line num="14" type="stmt" count="0"/>
        <line num="22" type="method" name="createArrayDriver" crap="1" count="3"/>
        <line num="24" type="stmt" count="3"/>
        <line num="32" type="method" name="createFileDriver" crap="2" count="0"/>
        <line num="34" type="stmt" count="0"/>
        <line num="36" type="stmt" count="0"/>
        <line num="44" type="method" name="createMemcachedDriver" crap="2" count="0"/>
        <line num="46" type="stmt" count="0"/>
        <line num="48" type="stmt" count="0"/>
        <line num="50" type="stmt" count="0"/>
        <line num="58" type="method" name="createWincacheDriver" crap="2" count="0"/>
        <line num="60" type="stmt" count="0"/>
        <line num="68" type="method" name="createRedisDriver" crap="2" count="0"/>
        <line num="70" type="stmt" count="0"/>
        <line num="72" type="stmt" count="0"/>
        <line num="80" type="method" name="createDatabaseDriver" crap="2" count="0"/>
        <line num="82" type="stmt" count="0"/>
        <line num="84" type="stmt" count="0"/>
        <line num="89" type="stmt" count="0"/>
        <line num="91" type="stmt" count="0"/>
        <line num="93" type="stmt" count="0"/>
        <line num="101" type="method" name="getDatabaseConnection" crap="2" count="0"/>
        <line num="103" type="stmt" count="0"/>
        <line num="105" type="stmt" count="0"/>
        <line num="113" type="method" name="getDefaultDriver" crap="2" count="0"/>
        <line num="115" type="stmt" count="0"/>
        <metrics loc="117" ncloc="66" classes="1" methods="9" coveredmethods="1" conditionals="0" coveredconditionals="0" statements="18" coveredstatements="1" elements="27" coveredelements="2"/>
      </file>
      <file name="/Users/Daniel/GoogleDrev/Server/Fox/slender-api/vendor/laravel/framework/src/Illuminate/Cache/CacheServiceProvider.php">
        <class name="CacheServiceProvider" namespace="Illuminate\Cache">
          <metrics methods="3" coveredmethods="2" conditionals="0" coveredconditionals="0" statements="11" coveredstatements="8" elements="14" coveredelements="10"/>
        </class>
        <line num="19" type="method" name="register" crap="1" count="3"/>
        <line num="21" type="stmt" count="3"/>
        <line num="23" type="stmt" count="3"/>
        <line num="24" type="stmt" count="3"/>
        <line num="26" type="method" name="anonymous function" crap="1.04" count="3"/>
        <line num="28" type="stmt" count="0"/>
        <line num="29" type="stmt" count="3"/>
        <line num="30" type="stmt" count="3"/>
        <line num="37" type="method" name="provides" crap="2" count="0"/>
        <line num="39" type="stmt" count="0"/>
        <metrics loc="41" ncloc="26" classes="1" methods="3" coveredmethods="1" conditionals="0" coveredconditionals="0" statements="8" coveredstatements="6" elements="11" coveredelements="7"/>
      </file>
      <file name="/Users/Daniel/GoogleDrev/Server/Fox/slender-api/vendor/laravel/framework/src/Illuminate/Cache/Store.php">
        <class name="Store" namespace="Illuminate\Cache">
          <metrics methods="23" coveredmethods="0" conditionals="0" coveredconditionals="0" statements="40" coveredstatements="0" elements="63" coveredelements="0"/>
        </class>
        <line num="25" type="method" name="retrieveItem" crap="1" count="0"/>
        <line num="35" type="method" name="storeItem" crap="1" count="0"/>
        <line num="44" type="method" name="storeItemForever" crap="1" count="0"/>
        <line num="52" type="method" name="removeItem" crap="1" count="0"/>
        <line num="59" type="method" name="flushItems" crap="1" count="0"/>
        <line num="67" type="method" name="has" crap="2" count="0"/>
        <line num="69" type="stmt" count="0"/>
        <line num="79" type="method" name="get" crap="12" count="0"/>
        <line num="84" type="stmt" count="0"/>
        <line num="85" type="stmt" count="0"/>
        <line num="86" type="stmt" count="0"/>
        <line num="89" type="stmt" count="0"/>
        <line num="94" type="stmt" count="0"/>
        <line num="95" type="stmt" count="0"/>
        <line num="96" type="stmt" count="0"/>
        <line num="99" type="stmt" count="0"/>
        <line num="110" type="method" name="put" crap="2" count="0"/>
        <line num="112" type="stmt" count="0"/>
        <line num="114" type="stmt" count="0"/>
        <line num="124" type="method" name="forever" crap="2" count="0"/>
        <line num="126" type="stmt" count="0"/>
        <line num="128" type="stmt" count="0"/>
        <line num="139" type="method" name="remember" crap="6" count="0"/>
        <line num="144" type="stmt" count="0"/>
        <line num="145" type="stmt" count="0"/>
        <line num="146" type="stmt" count="0"/>
        <line num="149" type="stmt" count="0"/>
        <line num="151" type="stmt" count="0"/>
        <line num="161" type="method" name="rememberForever" crap="6" count="0"/>
        <line num="166" type="stmt" count="0"/>
        <line num="167" type="stmt" count="0"/>
        <line num="168" type="stmt" count="0"/>
        <line num="171" type="stmt" count="0"/>
        <line num="173" type="stmt" count="0"/>
        <line num="182" type="method" name="forget" crap="2" count="0"/>
        <line num="184" type="stmt" count="0"/>
        <line num="186" type="stmt" count="0"/>
        <line num="194" type="method" name="flush" crap="2" count="0"/>
        <line num="196" type="stmt" count="0"/>
        <line num="198" type="stmt" count="0"/>
        <line num="206" type="method" name="getDefaultCacheTime" crap="2" count="0"/>
        <line num="208" type="stmt" count="0"/>
        <line num="217" type="method" name="setDefaultCacheTime" crap="2" count="0"/>
        <line num="219" type="stmt" count="0"/>
        <line num="220" type="stmt" count="0"/>
        <line num="228" type="method" name="existsInMemory" crap="2" count="0"/>
        <line num="230" type="stmt" count="0"/>
        <line num="238" type="method" name="getMemory" crap="2" count="0"/>
        <line num="240" type="stmt" count="0"/>
        <line num="249" type="method" name="getFromMemory" crap="2" count="0"/>
        <line num="251" type="stmt" count="0"/>
        <line num="261" type="method" name="setInMemory" crap="2" count="0"/>
        <line num="263" type="stmt" count="0"/>
        <line num="264" type="stmt" count="0"/>
        <line num="272" type="method" name="offsetExists" crap="2" count="0"/>
        <line num="274" type="stmt" count="0"/>
        <line num="283" type="method" name="offsetGet" crap="2" count="0"/>
        <line num="285" type="stmt" count="0"/>
        <line num="295" type="method" name="offsetSet" crap="2" count="0"/>
        <line num="297" type="stmt" count="0"/>
        <line num="298" type="stmt" count="0"/>
        <line num="306" type="method" name="offsetUnset" crap="2" count="0"/>
        <line num="308" type="stmt" count="0"/>
        <metrics loc="310" ncloc="130" classes="1" methods="18" coveredmethods="0" conditionals="0" coveredconditionals="0" statements="40" coveredstatements="0" elements="58" coveredelements="0"/>
      </file>
    </package>
    <package name="Illuminate\Config">
      <file name="/Users/Daniel/GoogleDrev/Server/Fox/slender-api/vendor/laravel/framework/src/Illuminate/Config/FileLoader.php">
        <class name="FileLoader" namespace="Illuminate\Config">
          <metrics methods="8" coveredmethods="3" conditionals="0" coveredconditionals="0" statements="51" coveredstatements="21" elements="59" coveredelements="24"/>
        </class>
        <line num="42" type="method" name="__construct" crap="1" count="3"/>
        <line num="44" type="stmt" count="3"/>
        <line num="45" type="stmt" count="3"/>
        <line num="46" type="stmt" count="3"/>
        <line num="56" type="method" name="load" crap="4.00" count="3"/>
        <line num="58" type="stmt" count="3"/>
        <line num="63" type="stmt" count="3"/>
        <line num="65" type="stmt" count="3"/>
        <line num="66" type="stmt" count="3"/>
        <line num="67" type="stmt" count="0"/>
        <line num="73" type="stmt" count="3"/>
        <line num="75" type="stmt" count="3"/>
        <line num="76" type="stmt" count="3"/>
        <line num="77" type="stmt" count="3"/>
        <line num="78" type="stmt" count="3"/>
        <line num="83" type="stmt" count="3"/>
        <line num="85" type="stmt" count="3"/>
        <line num="86" type="stmt" count="3"/>
        <line num="87" type="stmt" count="3"/>
        <line num="88" type="stmt" count="3"/>
        <line num="90" type="stmt" count="3"/>
        <line num="100" type="method" name="exists" crap="12" count="0"/>
        <line num="102" type="stmt" count="0"/>
        <line num="107" type="stmt" count="0"/>
        <line num="108" type="stmt" count="0"/>
        <line num="109" type="stmt" count="0"/>
        <line num="112" type="stmt" count="0"/>
        <line num="117" type="stmt" count="0"/>
        <line num="118" type="stmt" count="0"/>
        <line num="119" type="stmt" count="0"/>
        <line num="122" type="stmt" count="0"/>
        <line num="127" type="stmt" count="0"/>
        <line num="129" type="stmt" count="0"/>
        <line num="141" type="method" name="cascadePackage" crap="12" count="0"/>
        <line num="146" type="stmt" count="0"/>
        <line num="148" type="stmt" count="0"/>
        <line num="149" type="stmt" count="0"/>
        <line num="150" type="stmt" count="0"/>
        <line num="151" type="stmt" count="0"/>
        <line num="156" type="stmt" count="0"/>
        <line num="158" type="stmt" count="0"/>
        <line num="159" type="stmt" count="0"/>
        <line num="160" type="stmt" count="0"/>
        <line num="161" type="stmt" count="0"/>
        <line num="163" type="stmt" count="0"/>
        <line num="172" type="method" name="getPath" crap="4.12" count="3"/>
        <line num="174" type="stmt" count="3"/>
        <line num="175" type="stmt" count="3"/>
        <line num="176" type="stmt" count="3"/>
        <line num="178" type="stmt" count="0"/>
        <line num="180" type="stmt" count="0"/>
        <line num="182" type="stmt" count="0"/>
        <line num="191" type="method" name="addNamespace" crap="2" count="0"/>
        <line num="193" type="stmt" count="0"/>
        <line num="194" type="stmt" count="0"/>
        <line num="202" type="method" name="getRequire" crap="2" count="0"/>
        <line num="204" type="stmt" count="0"/>
        <line num="212" type="method" name="getFilesystem" crap="2" count="0"/>
        <line num="214" type="stmt" count="0"/>
        <metrics loc="216" ncloc="93" classes="1" methods="8" coveredmethods="1" conditionals="0" coveredconditionals="0" statements="51" coveredstatements="21" elements="59" coveredelements="22"/>
      </file>
      <file name="/Users/Daniel/GoogleDrev/Server/Fox/slender-api/vendor/laravel/framework/src/Illuminate/Config/Repository.php">
        <class name="Repository" namespace="Illuminate\Config">
          <metrics methods="23" coveredmethods="5" conditionals="0" coveredconditionals="0" statements="75" coveredstatements="19" elements="98" coveredelements="24"/>
        </class>
        <line num="51" type="method" name="__construct" crap="1" count="3"/>
        <line num="53" type="stmt" count="3"/>
        <line num="54" type="stmt" count="3"/>
        <line num="55" type="stmt" count="3"/>
        <line num="63" type="method" name="has" crap="2" count="0"/>
        <line num="65" type="stmt" count="0"/>
        <line num="67" type="stmt" count="0"/>
        <line num="76" type="method" name="hasGroup" crap="2" count="0"/>
        <line num="78" type="stmt" count="0"/>
        <line num="80" type="stmt" count="0"/>
        <line num="90" type="method" name="get" crap="1" count="3"/>
        <line num="92" type="stmt" count="3"/>
        <line num="97" type="stmt" count="3"/>
        <line num="99" type="stmt" count="3"/>
        <line num="101" type="stmt" count="3"/>
        <line num="111" type="method" name="set" crap="6" count="0"/>
        <line num="113" type="stmt" count="0"/>
        <line num="115" type="stmt" count="0"/>
        <line num="120" type="stmt" count="0"/>
        <line num="122" type="stmt" count="0"/>
        <line num="123" type="stmt" count="0"/>
        <line num="124" type="stmt" count="0"/>
        <line num="125" type="stmt" count="0"/>
        <line num="128" type="stmt" count="0"/>
        <line num="130" type="stmt" count="0"/>
        <line num="140" type="method" name="load" crap="3.05" count="3"/>
        <line num="142" type="stmt" count="3"/>
        <line num="147" type="stmt" count="3"/>
        <line num="148" type="stmt" count="3"/>
        <line num="149" type="stmt" count="3"/>
        <line num="152" type="stmt" count="3"/>
        <line num="157" type="stmt" count="3"/>
        <line num="158" type="stmt" count="3"/>
        <line num="159" type="stmt" count="0"/>
        <line num="160" type="stmt" count="0"/>
        <line num="162" type="stmt" count="3"/>
        <line num="163" type="stmt" count="3"/>
        <line num="173" type="method" name="callAfterLoad" crap="2" count="0"/>
        <line num="175" type="stmt" count="0"/>
        <line num="177" type="stmt" count="0"/>
        <line num="186" type="method" name="parseNamespacedSegments" crap="6" count="0"/>
        <line num="188" type="stmt" count="0"/>
        <line num="193" type="stmt" count="0"/>
        <line num="194" type="stmt" count="0"/>
        <line num="195" type="stmt" count="0"/>
        <line num="198" type="stmt" count="0"/>
        <line num="208" type="method" name="parsePackageSegments" crap="6" count="0"/>
        <line num="210" type="stmt" count="0"/>
        <line num="215" type="stmt" count="0"/>
        <line num="216" type="stmt" count="0"/>
        <line num="217" type="stmt" count="0"/>
        <line num="220" type="stmt" count="0"/>
        <line num="231" type="method" name="package" crap="2" count="0"/>
        <line num="233" type="stmt" count="0"/>
        <line num="235" type="stmt" count="0"/>
        <line num="240" type="stmt" count="0"/>
        <line num="244" type="stmt" count="0"/>
        <line num="246" type="stmt" count="0"/>
        <line num="248" type="stmt" count="0"/>
        <line num="249" type="stmt" count="0"/>
        <line num="250" type="stmt" count="0"/>
        <line num="259" type="method" name="getPackageNamespace" crap="6" count="0"/>
        <line num="261" type="stmt" count="0"/>
        <line num="262" type="stmt" count="0"/>
        <line num="263" type="stmt" count="0"/>
        <line num="264" type="stmt" count="0"/>
        <line num="266" type="stmt" count="0"/>
        <line num="276" type="method" name="afterLoading" crap="2" count="0"/>
        <line num="278" type="stmt" count="0"/>
        <line num="279" type="stmt" count="0"/>
        <line num="288" type="method" name="getCollection" crap="2" count="3"/>
        <line num="290" type="stmt" count="3"/>
        <line num="292" type="stmt" count="3"/>
        <line num="302" type="method" name="addNamespace" crap="2" count="0"/>
        <line num="304" type="stmt" count="0"/>
        <line num="312" type="method" name="getLoader" crap="2" count="0"/>
        <line num="314" type="stmt" count="0"/>
        <line num="322" type="method" name="getEnvironment" crap="2" count="0"/>
        <line num="324" type="stmt" count="0"/>
        <line num="332" type="method" name="getAfterLoadCallbacks" crap="2" count="0"/>
        <line num="334" type="stmt" count="0"/>
        <line num="342" type="method" name="getItems" crap="2" count="0"/>
        <line num="344" type="stmt" count="0"/>
        <line num="353" type="method" name="offsetExists" crap="2" count="0"/>
        <line num="355" type="stmt" count="0"/>
        <line num="364" type="method" name="offsetGet" crap="1" count="3"/>
        <line num="366" type="stmt" count="3"/>
        <line num="375" type="method" name="offsetSet" crap="2" count="0"/>
        <line num="377" type="stmt" count="0"/>
        <line num="378" type="stmt" count="0"/>
        <line num="386" type="method" name="offsetUnset" crap="2" count="0"/>
        <line num="388" type="stmt" count="0"/>
        <line num="389" type="stmt" count="0"/>
        <metrics loc="390" ncloc="181" classes="1" methods="23" coveredmethods="4" conditionals="0" coveredconditionals="0" statements="71" coveredstatements="19" elements="94" coveredelements="23"/>
      </file>
    </package>
    <file name="/Users/Daniel/GoogleDrev/Server/Fox/slender-api/vendor/laravel/framework/src/Illuminate/Config/LoaderInterface.php">
      <metrics loc="43" ncloc="12" classes="0" methods="0" coveredmethods="0" conditionals="0" coveredconditionals="0" statements="0" coveredstatements="0" elements="0" coveredelements="0"/>
    </file>
    <package name="Illuminate\Container">
      <file name="/Users/Daniel/GoogleDrev/Server/Fox/slender-api/vendor/laravel/framework/src/Illuminate/Container/Container.php">
        <class name="BindingResolutionException" namespace="Illuminate\Container">
          <metrics methods="0" coveredmethods="0" conditionals="0" coveredconditionals="0" statements="0" coveredstatements="0" elements="0" coveredelements="0"/>
        </class>
        <class name="Container" namespace="Illuminate\Container">
          <metrics methods="22" coveredmethods="18" conditionals="0" coveredconditionals="0" statements="114" coveredstatements="88" elements="136" coveredelements="106"/>
        </class>
        <line num="0" type="stmt" count="2"/>
        <line num="36" type="method" name="bind" crap="8.71" count="3"/>
        <line num="41" type="stmt" count="3"/>
        <line num="42" type="stmt" count="3"/>
        <line num="43" type="stmt" count="0"/>
        <line num="45" type="stmt" count="0"/>
        <line num="46" type="stmt" count="0"/>
        <line num="51" type="stmt" count="3"/>
        <line num="52" type="stmt" count="3"/>
        <line num="53" type="stmt" count="0"/>
        <line num="54" type="stmt" count="0"/>
        <line num="59" type="stmt" count="3"/>
        <line num="60" type="stmt" count="3"/>
        <line num="63" type="stmt" count="0"/>
        <line num="65" type="stmt" count="0"/>
        <line num="66" type="stmt" count="0"/>
        <line num="67" type="stmt" count="0"/>
        <line num="69" type="stmt" count="3"/>
        <line num="70" type="stmt" count="3"/>
        <line num="80" type="method" name="bindIf" crap="2" count="3"/>
        <line num="82" type="stmt" count="3"/>
        <line num="83" type="stmt" count="3"/>
        <line num="84" type="stmt" count="3"/>
        <line num="85" type="stmt" count="3"/>
        <line num="86" type="stmt" count="3"/>
        <line num="95" type="method" name="singleton" crap="1" count="3"/>
        <line num="97" type="stmt" count="3"/>
        <line num="106" type="method" name="share" crap="2" count="3"/>
        <line num="113" type="stmt" count="3"/>
        <line num="115" type="stmt" count="3"/>
        <line num="116" type="stmt" count="3"/>
        <line num="117" type="stmt" count="3"/>
        <line num="118" type="stmt" count="3"/>
        <line num="120" type="stmt" count="3"/>
        <line num="121" type="stmt" count="3"/>
        <line num="131" type="method" name="extend" crap="2.09" count="3"/>
        <line num="133" type="stmt" count="3"/>
        <line num="134" type="stmt" count="3"/>
        <line num="135" type="stmt" count="0"/>
        <line num="141" type="stmt" count="3"/>
        <line num="145" type="stmt" count="0"/>
        <line num="147" type="stmt" count="3"/>
        <line num="148" type="stmt" count="3"/>
        <line num="157" type="method" name="instance" crap="2.31" count="3"/>
        <line num="159" type="stmt" count="3"/>
        <line num="160" type="stmt" count="3"/>
        <line num="161" type="stmt" count="0"/>
        <line num="163" type="stmt" count="0"/>
        <line num="164" type="stmt" count="0"/>
        <line num="166" type="stmt" count="3"/>
        <line num="167" type="stmt" count="3"/>
        <line num="176" type="method" name="alias" crap="2" count="0"/>
        <line num="178" type="stmt" count="0"/>
        <line num="179" type="stmt" count="0"/>
        <line num="187" type="method" name="extractAlias" crap="2" count="0"/>
        <line num="189" type="stmt" count="0"/>
        <line num="199" type="method" name="make" crap="4.00" count="3"/>
        <line num="201" type="stmt" count="3"/>
        <line num="206" type="stmt" count="3"/>
        <line num="207" type="stmt" count="3"/>
        <line num="208" type="stmt" count="3"/>
        <line num="211" type="stmt" count="3"/>
        <line num="216" type="stmt" count="3"/>
        <line num="217" type="stmt" count="3"/>
        <line num="218" type="stmt" count="3"/>
        <line num="219" type="stmt" count="3"/>
        <line num="222" type="stmt" count="0"/>
        <line num="228" type="stmt" count="3"/>
        <line num="229" type="stmt" count="3"/>
        <line num="230" type="stmt" count="3"/>
        <line num="231" type="stmt" count="3"/>
        <line num="233" type="stmt" count="3"/>
        <line num="242" type="method" name="getConcrete" crap="2" count="3"/>
        <line num="247" type="stmt" count="3"/>
        <line num="248" type="stmt" count="3"/>
        <line num="249" type="stmt" count="1"/>
        <line num="253" type="stmt" count="3"/>
        <line num="264" type="method" name="build" crap="4.13" count="3"/>
        <line num="269" type="stmt" count="3"/>
        <line num="270" type="stmt" count="3"/>
        <line num="271" type="stmt" count="3"/>
        <line num="274" type="stmt" count="1"/>
        <line num="279" type="stmt" count="1"/>
        <line num="280" type="stmt" count="1"/>
        <line num="281" type="stmt" count="0"/>
        <line num="283" type="stmt" count="0"/>
        <line num="286" type="stmt" count="1"/>
        <line num="291" type="stmt" count="1"/>
        <line num="292" type="stmt" count="1"/>
        <line num="293" type="stmt" count="0"/>
        <line num="296" type="stmt" count="1"/>
        <line num="301" type="stmt" count="1"/>
        <line num="303" type="stmt" count="1"/>
        <line num="312" type="method" name="getDependencies" crap="3" count="1"/>
        <line num="314" type="stmt" count="1"/>
        <line num="316" type="stmt" count="1"/>
        <line num="318" type="stmt" count="1"/>
        <line num="323" type="stmt" count="1"/>
        <line num="324" type="stmt" count="1"/>
        <line num="325" type="stmt" count="1"/>
        <line num="326" type="stmt" count="1"/>
        <line num="329" type="stmt" count="1"/>
        <line num="331" type="stmt" count="1"/>
        <line num="333" type="stmt" count="1"/>
        <line num="342" type="method" name="resolveNonClass" crap="2.26" count="1"/>
        <line num="344" type="stmt" count="1"/>
        <line num="345" type="stmt" count="1"/>
        <line num="346" type="stmt" count="1"/>
        <line num="350" type="stmt" count="0"/>
        <line num="352" type="stmt" count="0"/>
        <line num="362" type="method" name="isShared" crap="2" count="3"/>
        <line num="364" type="stmt" count="3"/>
        <line num="366" type="stmt" count="3"/>
        <line num="376" type="method" name="isBuildable" crap="2" count="3"/>
        <line num="378" type="stmt" count="3"/>
        <line num="387" type="method" name="getAlias" crap="2" count="3"/>
        <line num="389" type="stmt" count="3"/>
        <line num="397" type="method" name="getBindings" crap="2" count="0"/>
        <line num="399" type="stmt" count="0"/>
        <line num="408" type="method" name="offsetExists" crap="1" count="3"/>
        <line num="410" type="stmt" count="3"/>
        <line num="419" type="method" name="offsetGet" crap="1" count="3"/>
        <line num="421" type="stmt" count="3"/>
        <line num="431" type="method" name="offsetSet" crap="2" count="3"/>
        <line num="436" type="stmt" count="3"/>
        <line num="437" type="stmt" count="3"/>
        <line num="440" type="stmt" count="3"/>
        <line num="441" type="stmt" count="3"/>
        <line num="442" type="stmt" count="3"/>
        <line num="444" type="stmt" count="3"/>
        <line num="445" type="stmt" count="3"/>
        <line num="453" type="method" name="offsetUnset" crap="2" count="0"/>
        <line num="455" type="stmt" count="0"/>
        <line num="456" type="stmt" count="0"/>
        <metrics loc="457" ncloc="215" classes="2" methods="22" coveredmethods="12" conditionals="0" coveredconditionals="0" statements="112" coveredstatements="86" elements="134" coveredelements="98"/>
      </file>
    </package>
    <package name="Illuminate\Cookie">
      <file name="/Users/Daniel/GoogleDrev/Server/Fox/slender-api/vendor/laravel/framework/src/Illuminate/Cookie/CookieJar.php">
        <class name="CookieJar" namespace="Illuminate\Cookie">
          <metrics methods="9" coveredmethods="1" conditionals="0" coveredconditionals="0" statements="21" coveredstatements="4" elements="30" coveredelements="5"/>
        </class>
        <line num="40" type="method" name="__construct" crap="1" count="3"/>
        <line num="42" type="stmt" count="3"/>
        <line num="43" type="stmt" count="3"/>
        <line num="44" type="stmt" count="3"/>
        <line num="45" type="stmt" count="3"/>
        <line num="53" type="method" name="has" crap="2" count="0"/>
        <line num="55" type="stmt" count="0"/>
        <line num="65" type="method" name="get" crap="12" count="0"/>
        <line num="67" type="stmt" count="0"/>
        <line num="69" type="stmt" count="0"/>
        <line num="70" type="stmt" count="0"/>
        <line num="71" type="stmt" count="0"/>
        <line num="74" type="stmt" count="0"/>
        <line num="83" type="method" name="decrypt" crap="6" count="0"/>
        <line num="87" type="stmt" count="0"/>
        <line num="89" type="stmt" count="0"/>
        <line num="91" type="stmt" count="0"/>
        <line num="103" type="method" name="make" crap="6" count="0"/>
        <line num="105" type="stmt" count="0"/>
        <line num="110" type="stmt" count="0"/>
        <line num="112" type="stmt" count="0"/>
        <line num="114" type="stmt" count="0"/>
        <line num="124" type="method" name="forever" crap="2" count="0"/>
        <line num="126" type="stmt" count="0"/>
        <line num="135" type="method" name="forget" crap="2" count="0"/>
        <line num="137" type="stmt" count="0"/>
        <line num="145" type="method" name="getRequest" crap="2" count="0"/>
        <line num="147" type="stmt" count="0"/>
        <line num="155" type="method" name="getEncrypter" crap="2" count="0"/>
        <line num="157" type="stmt" count="0"/>
        <metrics loc="159" ncloc="80" classes="1" methods="9" coveredmethods="1" conditionals="0" coveredconditionals="0" statements="21" coveredstatements="4" elements="30" coveredelements="5"/>
      </file>
      <file name="/Users/Daniel/GoogleDrev/Server/Fox/slender-api/vendor/laravel/framework/src/Illuminate/Cookie/CookieServiceProvider.php">
        <class name="CookieServiceProvider" namespace="Illuminate\Cookie">
          <metrics methods="3" coveredmethods="3" conditionals="0" coveredconditionals="0" statements="12" coveredstatements="12" elements="15" coveredelements="15"/>
        </class>
        <line num="12" type="method" name="register" crap="1" count="3"/>
        <line num="14" type="stmt" count="3"/>
        <line num="19" type="method" name="anonymous function" crap="1" count="3"/>
        <line num="21" type="stmt" count="3"/>
        <line num="23" type="stmt" count="3"/>
        <line num="24" type="stmt" count="3"/>
        <line num="25" type="stmt" count="3"/>
        <line num="32" type="method" name="cookieDefaults" crap="1" count="3"/>
        <line num="35" type="stmt" count="3"/>
        <line num="36" type="stmt" count="3"/>
        <metrics loc="38" ncloc="22" classes="1" methods="3" coveredmethods="3" conditionals="0" coveredconditionals="0" statements="8" coveredstatements="8" elements="11" coveredelements="11"/>
      </file>
    </package>
    <file name="/Users/Daniel/GoogleDrev/Server/Fox/slender-api/vendor/laravel/framework/src/Illuminate/Database/ConnectionResolverInterface.php">
      <metrics loc="27" ncloc="10" classes="0" methods="0" coveredmethods="0" conditionals="0" coveredconditionals="0" statements="0" coveredstatements="0" elements="0" coveredelements="0"/>
    </file>
    <package name="Illuminate\Database\Connectors">
      <file name="/Users/Daniel/GoogleDrev/Server/Fox/slender-api/vendor/laravel/framework/src/Illuminate/Database/Connectors/ConnectionFactory.php">
        <class name="ConnectionFactory" namespace="Illuminate\Database\Connectors">
          <metrics methods="3" coveredmethods="0" conditionals="0" coveredconditionals="0" statements="29" coveredstatements="0" elements="32" coveredelements="0"/>
        </class>
        <line num="17" type="method" name="make" crap="6" count="0"/>
        <line num="19" type="stmt" count="0"/>
        <line num="20" type="stmt" count="0"/>
        <line num="21" type="stmt" count="0"/>
        <line num="22" type="stmt" count="0"/>
        <line num="24" type="stmt" count="0"/>
        <line num="26" type="stmt" count="0"/>
        <line num="35" type="method" name="createConnector" crap="42" count="0"/>
        <line num="37" type="stmt" count="0"/>
        <line num="38" type="stmt" count="0"/>
        <line num="39" type="stmt" count="0"/>
        <line num="42" type="stmt" count="0"/>
        <line num="44" type="stmt" count="0"/>
        <line num="45" type="stmt" count="0"/>
        <line num="47" type="stmt" count="0"/>
        <line num="48" type="stmt" count="0"/>
        <line num="50" type="stmt" count="0"/>
        <line num="51" type="stmt" count="0"/>
        <line num="53" type="stmt" count="0"/>
        <line num="54" type="stmt" count="0"/>
        <line num="55" type="stmt" count="0"/>
        <line num="57" type="stmt" count="0"/>
        <line num="69" type="method" name="createConnection" crap="30" count="0"/>
        <line num="73" type="stmt" count="0"/>
        <line num="74" type="stmt" count="0"/>
        <line num="76" type="stmt" count="0"/>
        <line num="77" type="stmt" count="0"/>
        <line num="79" type="stmt" count="0"/>
        <line num="80" type="stmt" count="0"/>
        <line num="82" type="stmt" count="0"/>
        <line num="83" type="stmt" count="0"/>
        <line num="86" type="stmt" count="0"/>
        <metrics loc="88" ncloc="67" classes="1" methods="3" coveredmethods="0" conditionals="0" coveredconditionals="0" statements="29" coveredstatements="0" elements="32" coveredelements="0"/>
      </file>
    </package>
    <package name="Illuminate\Database">
      <file name="/Users/Daniel/GoogleDrev/Server/Fox/slender-api/vendor/laravel/framework/src/Illuminate/Database/DatabaseManager.php">
        <class name="DatabaseManager" namespace="Illuminate\Database">
          <metrics methods="10" coveredmethods="1" conditionals="0" coveredconditionals="0" statements="35" coveredstatements="3" elements="45" coveredelements="4"/>
        </class>
        <line num="43" type="method" name="__construct" crap="1" count="3"/>
        <line num="45" type="stmt" count="3"/>
        <line num="46" type="stmt" count="3"/>
        <line num="47" type="stmt" count="3"/>
        <line num="55" type="method" name="connection" crap="12" count="0"/>
        <line num="57" type="stmt" count="0"/>
        <line num="62" type="stmt" count="0"/>
        <line num="63" type="stmt" count="0"/>
        <line num="64" type="stmt" count="0"/>
        <line num="66" type="stmt" count="0"/>
        <line num="67" type="stmt" count="0"/>
        <line num="69" type="stmt" count="0"/>
        <line num="78" type="method" name="makeConnection" crap="6" count="0"/>
        <line num="80" type="stmt" count="0"/>
        <line num="82" type="stmt" count="0"/>
        <line num="83" type="stmt" count="0"/>
        <line num="84" type="stmt" count="0"/>
        <line num="87" type="stmt" count="0"/>
        <line num="96" type="method" name="prepare" crap="2" count="0"/>
        <line num="98" type="stmt" count="0"/>
        <line num="100" type="stmt" count="0"/>
        <line num="105" type="stmt" count="0"/>
        <line num="109" type="stmt" count="0"/>
        <line num="110" type="stmt" count="0"/>
        <line num="112" type="stmt" count="0"/>
        <line num="121" type="method" name="getConfig" crap="12" count="0"/>
        <line num="123" type="stmt" count="0"/>
        <line num="128" type="stmt" count="0"/>
        <line num="130" type="stmt" count="0"/>
        <line num="131" type="stmt" count="0"/>
        <line num="132" type="stmt" count="0"/>
        <line num="135" type="stmt" count="0"/>
        <line num="143" type="method" name="getDefaultConnection" crap="2" count="0"/>
        <line num="145" type="stmt" count="0"/>
        <line num="154" type="method" name="setDefaultConnection" crap="2" count="0"/>
        <line num="156" type="stmt" count="0"/>
        <line num="157" type="stmt" count="0"/>
        <line num="166" type="method" name="extend" crap="2" count="0"/>
        <line num="168" type="stmt" count="0"/>
        <line num="169" type="stmt" count="0"/>
        <line num="178" type="method" name="__call" crap="2" count="0"/>
        <line num="180" type="stmt" count="0"/>
        <metrics loc="182" ncloc="88" classes="1" methods="10" coveredmethods="1" conditionals="0" coveredconditionals="0" statements="33" coveredstatements="3" elements="43" coveredelements="4"/>
      </file>
      <file name="/Users/Daniel/GoogleDrev/Server/Fox/slender-api/vendor/laravel/framework/src/Illuminate/Database/DatabaseServiceProvider.php">
        <class name="DatabaseServiceProvider" namespace="Illuminate\Database">
          <metrics methods="3" coveredmethods="3" conditionals="0" coveredconditionals="0" statements="13" coveredstatements="13" elements="16" coveredelements="16"/>
        </class>
        <line num="0" type="stmt" count="1"/>
        <line num="14" type="method" name="register" crap="1" count="3"/>
        <line num="19" type="stmt" count="3"/>
        <line num="21" type="stmt" count="3"/>
        <line num="22" type="stmt" count="3"/>
        <line num="27" type="method" name="anonymous function" crap="1" count="3"/>
        <line num="29" type="stmt" count="3"/>
        <line num="30" type="stmt" count="3"/>
        <line num="32" type="stmt" count="3"/>
        <line num="33" type="stmt" count="3"/>
        <line num="40" type="method" name="registerEloquent" crap="1" count="3"/>
        <line num="42" type="stmt" count="3"/>
        <line num="43" type="stmt" count="3"/>
        <metrics loc="44" ncloc="22" classes="1" methods="3" coveredmethods="3" conditionals="0" coveredconditionals="0" statements="10" coveredstatements="10" elements="13" coveredelements="13"/>
      </file>
      <file name="/Users/Daniel/GoogleDrev/Server/Fox/slender-api/vendor/laravel/framework/src/Illuminate/Database/MigrationServiceProvider.php">
        <class name="MigrationServiceProvider" namespace="Illuminate\Database">
          <metrics methods="13" coveredmethods="11" conditionals="0" coveredconditionals="0" statements="68" coveredstatements="44" elements="81" coveredelements="55"/>
        </class>
        <line num="28" type="method" name="register" crap="1" count="3"/>
        <line num="30" type="stmt" count="3"/>
        <line num="32" type="stmt" count="3"/>
        <line num="37" type="stmt" count="3"/>
        <line num="39" type="stmt" count="3"/>
        <line num="40" type="stmt" count="3"/>
        <line num="47" type="method" name="registerRepository" crap="1.06" count="3"/>
        <line num="49" type="stmt" count="3"/>
        <line num="51" type="stmt" count="0"/>
        <line num="53" type="stmt" count="0"/>
        <line num="54" type="stmt" count="3"/>
[...]
        <line num="573" type="stmt" count="3"/>
        <line num="575" type="stmt" count="0"/>
        <line num="577" type="stmt" count="3"/>
        <line num="578" type="stmt" count="0"/>
        <line num="579" type="stmt" count="0"/>
        <line num="581" type="stmt" count="3"/>
        <line num="582" type="stmt" count="0"/>
        <line num="586" type="stmt" count="3"/>
        <line num="587" type="stmt" count="0"/>
        <line num="588" type="stmt" count="3"/>
        <line num="589" type="stmt" count="3"/>
        <line num="590" type="stmt" count="3"/>
        <line num="592" type="stmt" count="3"/>
        <line num="595" type="stmt" count="1"/>
        <metrics loc="594" ncloc="290" classes="1" methods="33" coveredmethods="15" conditionals="0" coveredconditionals="0" statements="115" coveredstatements="65" elements="148" coveredelements="80"/>
      </file>
      <file name="/Users/Daniel/GoogleDrev/Server/Fox/slender-api/vendor/symfony/routing/Symfony/Component/Routing/RouteCollection.php">
        <class name="RouteCollection" namespace="Symfony\Component\Routing">
          <metrics methods="20" coveredmethods="3" conditionals="0" coveredconditionals="0" statements="92" coveredstatements="5" elements="112" coveredelements="8"/>
        </class>
        <line num="52" type="method" name="__clone" crap="6" count="0"/>
        <line num="54" type="stmt" count="0"/>
        <line num="55" type="stmt" count="0"/>
        <line num="56" type="stmt" count="0"/>
        <line num="57" type="stmt" count="0"/>
        <line num="66" type="method" name="getParent" crap="2" count="0"/>
        <line num="68" type="stmt" count="0"/>
        <line num="78" type="method" name="getRoot" crap="6" count="0"/>
        <line num="80" type="stmt" count="0"/>
        <line num="81" type="stmt" count="0"/>
        <line num="82" type="stmt" count="0"/>
        <line num="83" type="stmt" count="0"/>
        <line num="85" type="stmt" count="0"/>
        <line num="97" type="method" name="getIterator" crap="1" count="3"/>
        <line num="99" type="stmt" count="3"/>
        <line num="107" type="method" name="count" crap="2" count="0"/>
        <line num="109" type="stmt" count="0"/>
        <line num="120" type="method" name="add" crap="1" count="3"/>
        <line num="122" type="stmt" count="3"/>
        <line num="124" type="stmt" count="3"/>
        <line num="125" type="stmt" count="3"/>
        <line num="132" type="method" name="all" crap="2" count="0"/>
        <line num="134" type="stmt" count="0"/>
        <line num="144" type="method" name="get" crap="2" count="1"/>
        <line num="146" type="stmt" count="1"/>
        <line num="157" type="method" name="remove" crap="6" count="0"/>
        <line num="160" type="stmt" count="0"/>
        <line num="162" type="stmt" count="0"/>
        <line num="163" type="stmt" count="0"/>
        <line num="164" type="stmt" count="0"/>
        <line num="165" type="stmt" count="0"/>
        <line num="166" type="stmt" count="0"/>
        <line num="176" type="method" name="addCollection" crap="42" count="0"/>
        <line num="182" type="stmt" count="0"/>
        <line num="185" type="stmt" count="0"/>
        <line num="186" type="stmt" count="0"/>
        <line num="187" type="stmt" count="0"/>
        <line num="188" type="stmt" count="0"/>
        <line num="189" type="stmt" count="0"/>
        <line num="190" type="stmt" count="0"/>
        <line num="191" type="stmt" count="0"/>
        <line num="192" type="stmt" count="0"/>
        <line num="193" type="stmt" count="0"/>
        <line num="194" type="stmt" count="0"/>
        <line num="195" type="stmt" count="0"/>
        <line num="196" type="stmt" count="0"/>
        <line num="197" type="stmt" count="0"/>
        <line num="201" type="stmt" count="0"/>
        <line num="206" type="stmt" count="0"/>
        <line num="207" type="stmt" count="0"/>
        <line num="208" type="stmt" count="0"/>
        <line num="209" type="stmt" count="0"/>
        <line num="211" type="stmt" count="0"/>
        <line num="212" type="stmt" count="0"/>
        <line num="223" type="method" name="addPrefix" crap="20" count="0"/>
        <line num="225" type="stmt" count="0"/>
        <line num="227" type="stmt" count="0"/>
        <line num="228" type="stmt" count="0"/>
        <line num="232" type="stmt" count="0"/>
        <line num="235" type="stmt" count="0"/>
        <line num="237" type="stmt" count="0"/>
        <line num="238" type="stmt" count="0"/>
        <line num="239" type="stmt" count="0"/>
        <line num="240" type="stmt" count="0"/>
        <line num="241" type="stmt" count="0"/>
        <line num="242" type="stmt" count="0"/>
        <line num="243" type="stmt" count="0"/>
        <line num="252" type="method" name="getPrefix" crap="2" count="0"/>
        <line num="254" type="stmt" count="0"/>
        <line num="264" type="method" name="setHost" crap="6" count="0"/>
        <line num="266" type="stmt" count="0"/>
        <line num="267" type="stmt" count="0"/>
        <line num="268" type="stmt" count="0"/>
        <line num="269" type="stmt" count="0"/>
        <line num="270" type="stmt" count="0"/>
        <line num="271" type="stmt" count="0"/>
        <line num="280" type="method" name="addDefaults" crap="12" count="0"/>
        <line num="282" type="stmt" count="0"/>
        <line num="283" type="stmt" count="0"/>
        <line num="284" type="stmt" count="0"/>
        <line num="285" type="stmt" count="0"/>
        <line num="286" type="stmt" count="0"/>
        <line num="287" type="stmt" count="0"/>
        <line num="296" type="method" name="addRequirements" crap="12" count="0"/>
        <line num="298" type="stmt" count="0"/>
        <line num="299" type="stmt" count="0"/>
        <line num="300" type="stmt" count="0"/>
        <line num="301" type="stmt" count="0"/>
        <line num="302" type="stmt" count="0"/>
        <line num="303" type="stmt" count="0"/>
        <line num="312" type="method" name="addOptions" crap="12" count="0"/>
        <line num="314" type="stmt" count="0"/>
        <line num="315" type="stmt" count="0"/>
        <line num="316" type="stmt" count="0"/>
        <line num="317" type="stmt" count="0"/>
        <line num="318" type="stmt" count="0"/>
        <line num="319" type="stmt" count="0"/>
        <line num="326" type="method" name="setSchemes" crap="6" count="0"/>
        <line num="328" type="stmt" count="0"/>
        <line num="329" type="stmt" count="0"/>
        <line num="330" type="stmt" count="0"/>
        <line num="331" type="stmt" count="0"/>
        <line num="338" type="method" name="setMethods" crap="6" count="0"/>
        <line num="340" type="stmt" count="0"/>
        <line num="341" type="stmt" count="0"/>
        <line num="342" type="stmt" count="0"/>
        <line num="343" type="stmt" count="0"/>
        <line num="350" type="method" name="getResources" crap="2" count="0"/>
        <line num="352" type="stmt" count="0"/>
        <line num="360" type="method" name="addResource" crap="2" count="0"/>
        <line num="362" type="stmt" count="0"/>
        <line num="363" type="stmt" count="0"/>
        <line num="365" type="stmt" count="1"/>
        <metrics loc="364" ncloc="176" classes="1" methods="20" coveredmethods="3" conditionals="0" coveredconditionals="0" statements="92" coveredstatements="5" elements="112" coveredelements="8"/>
      </file>
      <file name="/Users/Daniel/GoogleDrev/Server/Fox/slender-api/vendor/symfony/routing/Symfony/Component/Routing/RouteCompiler.php">
        <class name="RouteCompiler" namespace="Symfony\Component\Routing">
          <metrics methods="4" coveredmethods="4" conditionals="0" coveredconditionals="0" statements="109" coveredstatements="87" elements="113" coveredelements="91"/>
        </class>
        <line num="38" type="method" name="compile" crap="2.03" count="3"/>
        <line num="40" type="stmt" count="3"/>
        <line num="41" type="stmt" count="3"/>
        <line num="42" type="stmt" count="3"/>
        <line num="43" type="stmt" count="3"/>
        <line num="44" type="stmt" count="3"/>
        <line num="45" type="stmt" count="3"/>
        <line num="46" type="stmt" count="3"/>
        <line num="47" type="stmt" count="3"/>
        <line num="49" type="stmt" count="3"/>
        <line num="50" type="stmt" count="0"/>
        <line num="52" type="stmt" count="0"/>
        <line num="53" type="stmt" count="0"/>
        <line num="55" type="stmt" count="0"/>
        <line num="56" type="stmt" count="0"/>
        <line num="57" type="stmt" count="0"/>
        <line num="59" type="stmt" count="3"/>
        <line num="61" type="stmt" count="3"/>
        <line num="63" type="stmt" count="3"/>
        <line num="65" type="stmt" count="3"/>
        <line num="66" type="stmt" count="3"/>
        <line num="68" type="stmt" count="3"/>
        <line num="69" type="stmt" count="3"/>
        <line num="71" type="stmt" count="3"/>
        <line num="72" type="stmt" count="3"/>
        <line num="73" type="stmt" count="3"/>
        <line num="74" type="stmt" count="3"/>
        <line num="75" type="stmt" count="3"/>
        <line num="76" type="stmt" count="3"/>
        <line num="77" type="stmt" count="3"/>
        <line num="78" type="stmt" count="3"/>
        <line num="79" type="stmt" count="3"/>
        <line num="80" type="stmt" count="3"/>
        <line num="83" type="method" name="compilePattern" crap="26.04" count="3"/>
        <line num="85" type="stmt" count="3"/>
        <line num="86" type="stmt" count="3"/>
        <line num="87" type="stmt" count="3"/>
        <line num="88" type="stmt" count="3"/>
        <line num="89" type="stmt" count="3"/>
        <line num="93" type="stmt" count="3"/>
        <line num="94" type="stmt" count="3"/>
        <line num="95" type="stmt" count="3"/>
        <line num="97" type="stmt" count="3"/>
        <line num="98" type="stmt" count="3"/>
        <line num="99" type="stmt" count="3"/>
        <line num="100" type="stmt" count="3"/>
        <line num="102" type="stmt" count="3"/>
        <line num="103" type="stmt" count="0"/>
        <line num="105" type="stmt" count="3"/>
        <line num="106" type="stmt" count="0"/>
        <line num="109" type="stmt" count="3"/>
        <line num="110" type="stmt" count="3"/>
        <line num="111" type="stmt" count="3"/>
        <line num="112" type="stmt" count="0"/>
        <line num="113" type="stmt" count="0"/>
        <line num="115" type="stmt" count="3"/>
        <line num="116" type="stmt" count="3"/>
        <line num="117" type="stmt" count="3"/>
        <line num="125" type="stmt" count="3"/>
        <line num="126" type="stmt" count="3"/>
        <line num="127" type="stmt" count="3"/>
        <line num="128" type="stmt" count="3"/>
        <line num="129" type="stmt" count="3"/>
        <line num="130" type="stmt" count="3"/>
        <line num="131" type="stmt" count="3"/>
        <line num="137" type="stmt" count="3"/>
        <line num="138" type="stmt" count="3"/>
        <line num="139" type="stmt" count="3"/>
        <line num="141" type="stmt" count="3"/>
        <line num="142" type="stmt" count="3"/>
        <line num="143" type="stmt" count="3"/>
        <line num="145" type="stmt" count="3"/>
        <line num="146" type="stmt" count="3"/>
        <line num="147" type="stmt" count="3"/>
        <line num="150" type="stmt" count="3"/>
        <line num="151" type="stmt" count="3"/>
        <line num="152" type="stmt" count="3"/>
        <line num="153" type="stmt" count="3"/>
        <line num="154" type="stmt" count="3"/>
        <line num="155" type="stmt" count="0"/>
        <line num="156" type="stmt" count="0"/>
        <line num="157" type="stmt" count="3"/>
        <line num="159" type="stmt" count="0"/>
        <line num="160" type="stmt" count="3"/>
        <line num="163" type="stmt" count="3"/>
        <line num="164" type="stmt" count="3"/>
        <line num="165" type="stmt" count="3"/>
        <line num="166" type="stmt" count="3"/>
        <line num="169" type="stmt" count="3"/>
        <line num="170" type="stmt" count="3"/>
        <line num="171" type="stmt" count="3"/>
        <line num="172" type="stmt" count="3"/>
        <line num="173" type="stmt" count="3"/>
        <line num="183" type="method" name="findNextSeparator" crap="6.00" count="3"/>
        <line num="185" type="stmt" count="3"/>
        <line num="187" type="stmt" count="3"/>
        <line num="190" type="stmt" count="0"/>
        <line num="192" type="stmt" count="0"/>
        <line num="204" type="method" name="computeRegexp" crap="13.12" count="3"/>
        <line num="206" type="stmt" count="3"/>
        <line num="207" type="stmt" count="3"/>
        <line num="209" type="stmt" count="3"/>
        <line num="212" type="stmt" count="3"/>
        <line num="214" type="stmt" count="0"/>
        <line num="216" type="stmt" count="3"/>
        <line num="217" type="stmt" count="3"/>
        <line num="221" type="stmt" count="0"/>
        <line num="222" type="stmt" count="0"/>
        <line num="223" type="stmt" count="0"/>
        <line num="225" type="stmt" count="0"/>
        <line num="226" type="stmt" count="0"/>
        <line num="227" type="stmt" count="0"/>
        <line num="229" type="stmt" count="3"/>
        <line num="234" type="stmt" count="1"/>
        <metrics loc="233" ncloc="139" classes="1" methods="4" coveredmethods="0" conditionals="0" coveredconditionals="0" statements="109" coveredstatements="87" elements="113" coveredelements="87"/>
      </file>
    </package>
    <file name="/Users/Daniel/GoogleDrev/Server/Fox/slender-api/vendor/symfony/routing/Symfony/Component/Routing/Exception/ExceptionInterface.php">
      <line num="24" type="stmt" count="1"/>
      <metrics loc="23" ncloc="8" classes="0" methods="0" coveredmethods="0" conditionals="0" coveredconditionals="0" statements="0" coveredstatements="0" elements="0" coveredelements="0"/>
    </file>
    <package name="Symfony\Component\Routing\Exception">
      <file name="/Users/Daniel/GoogleDrev/Server/Fox/slender-api/vendor/symfony/routing/Symfony/Component/Routing/Exception/ResourceNotFoundException.php">
        <class name="ResourceNotFoundException" namespace="Symfony\Component\Routing\Exception">
          <metrics methods="0" coveredmethods="0" conditionals="0" coveredconditionals="0" statements="0" coveredstatements="0" elements="0" coveredelements="0"/>
        </class>
        <line num="26" type="stmt" count="1"/>
        <metrics loc="25" ncloc="8" classes="1" methods="0" coveredmethods="0" conditionals="0" coveredconditionals="0" statements="0" coveredstatements="0" elements="0" coveredelements="0"/>
      </file>
    </package>
    <package name="Symfony\Component\Routing\Matcher">
      <file name="/Users/Daniel/GoogleDrev/Server/Fox/slender-api/vendor/symfony/routing/Symfony/Component/Routing/Matcher/UrlMatcher.php">
        <class name="UrlMatcher" namespace="Symfony\Component\Routing\Matcher">
          <metrics methods="8" coveredmethods="6" conditionals="0" coveredconditionals="0" statements="48" coveredstatements="37" elements="56" coveredelements="43"/>
        </class>
        <line num="0" type="stmt" count="1"/>
        <line num="56" type="method" name="__construct" crap="1" count="3"/>
        <line num="58" type="stmt" count="3"/>
        <line num="59" type="stmt" count="3"/>
        <line num="60" type="stmt" count="3"/>
        <line num="65" type="method" name="setContext" crap="2" count="0"/>
        <line num="67" type="stmt" count="0"/>
        <line num="68" type="stmt" count="0"/>
        <line num="73" type="method" name="getContext" crap="2" count="0"/>
        <line num="75" type="stmt" count="0"/>
        <line num="81" type="method" name="match" crap="3" count="3"/>
        <line num="83" type="stmt" count="3"/>
        <line num="85" type="stmt" count="3"/>
        <line num="86" type="stmt" count="1"/>
        <line num="89" type="stmt" count="2"/>
        <line num="90" type="stmt" count="2"/>
        <line num="91" type="stmt" count="2"/>
        <line num="105" type="method" name="matchCollection" crap="16.72" count="3"/>
        <line num="107" type="stmt" count="3"/>
        <line num="108" type="stmt" count="3"/>
        <line num="111" type="stmt" count="3"/>
        <line num="112" type="stmt" count="3"/>
        <line num="115" type="stmt" count="1"/>
        <line num="116" type="stmt" count="0"/>
        <line num="119" type="stmt" count="1"/>
        <line num="120" type="stmt" count="1"/>
        <line num="121" type="stmt" count="0"/>
        <line num="125" type="stmt" count="1"/>
        <line num="127" type="stmt" count="1"/>
        <line num="128" type="stmt" count="0"/>
        <line num="129" type="stmt" count="0"/>
        <line num="131" type="stmt" count="1"/>
        <line num="132" type="stmt" count="0"/>
        <line num="134" type="stmt" count="0"/>
        <line num="136" type="stmt" count="1"/>
        <line num="138" type="stmt" count="1"/>
        <line num="140" type="stmt" count="1"/>
        <line num="141" type="stmt" count="0"/>
        <line num="144" type="stmt" count="1"/>
        <line num="145" type="stmt" count="0"/>
        <line num="148" type="stmt" count="1"/>
        <line num="149" type="stmt" count="2"/>
        <line num="150" type="stmt" count="2"/>
        <line num="165" type="method" name="getAttributes" crap="1" count="1"/>
        <line num="167" type="stmt" count="1"/>
        <line num="169" type="stmt" count="1"/>
        <line num="181" type="method" name="handleRouteRequirements" crap="3" count="1"/>
        <line num="184" type="stmt" count="1"/>
        <line num="185" type="stmt" count="1"/>
        <line num="187" type="stmt" count="1"/>
        <line num="198" type="method" name="mergeDefaults" crap="3" count="1"/>
        <line num="200" type="stmt" count="1"/>
        <line num="201" type="stmt" count="1"/>
        <line num="202" type="stmt" count="1"/>
        <line num="203" type="stmt" count="1"/>
        <line num="204" type="stmt" count="1"/>
        <line num="206" type="stmt" count="1"/>
        <line num="209" type="stmt" count="1"/>
        <metrics loc="208" ncloc="118" classes="1" methods="8" coveredmethods="5" conditionals="0" coveredconditionals="0" statements="48" coveredstatements="37" elements="56" coveredelements="42"/>
      </file>
    </package>
    <file name="/Users/Daniel/GoogleDrev/Server/Fox/slender-api/vendor/symfony/routing/Symfony/Component/Routing/Matcher/UrlMatcherInterface.php">
      <line num="44" type="stmt" count="1"/>
      <metrics loc="43" ncloc="13" classes="0" methods="0" coveredmethods="0" conditionals="0" coveredconditionals="0" statements="0" coveredstatements="0" elements="0" coveredelements="0"/>
    </file>
    <file name="/Users/Daniel/GoogleDrev/Server/Fox/slender-api/vendor/symfony/routing/Symfony/Component/Routing/RequestContextAwareInterface.php">
      <line num="37" type="stmt" count="1"/>
      <metrics loc="36" ncloc="11" classes="0" methods="0" coveredmethods="0" conditionals="0" coveredconditionals="0" statements="0" coveredstatements="0" elements="0" coveredelements="0"/>
    </file>
    <file name="/Users/Daniel/GoogleDrev/Server/Fox/slender-api/vendor/symfony/routing/Symfony/Component/Routing/RouteCompilerInterface.php">
      <line num="33" type="stmt" count="1"/>
      <metrics loc="32" ncloc="9" classes="0" methods="0" coveredmethods="0" conditionals="0" coveredconditionals="0" statements="0" coveredstatements="0" elements="0" coveredelements="0"/>
    </file>
    <metrics files="134" loc="21549" ncloc="11012" classes="109" methods="1032" coveredmethods="219" conditionals="0" coveredconditionals="0" statements="4535" coveredstatements="1590" elements="5567" coveredelements="1809"/>
  </project>
</coverage>
